This file contains any messages produced by compilers while
running configure, to aid debugging if configure makes a mistake.

It was created by VHPOP configure 3.0, which was
generated by GNU Autoconf 2.69.  Invocation command line was

  $ ./configure --no-create --no-recursion

## --------- ##
## Platform. ##
## --------- ##

hostname = landpks-awc
uname -m = x86_64
uname -r = 4.15.0-1019-gcp
uname -s = Linux
uname -v = #20-Ubuntu SMP Wed Aug 29 09:24:47 UTC 2018

/usr/bin/uname -p = unknown
/bin/uname -X     = unknown

/bin/arch              = unknown
/usr/bin/arch -k       = unknown
/usr/convex/getsysinfo = unknown
/usr/bin/hostinfo      = unknown
/bin/machine           = unknown
/usr/bin/oslevel       = unknown
/bin/universe          = unknown

PATH: /home/alandpotential/miniconda2/bin
PATH: /usr/local/sbin
PATH: /usr/local/bin
PATH: /usr/sbin
PATH: /usr/bin
PATH: /sbin
PATH: /bin
PATH: /usr/games
PATH: /usr/local/games
PATH: /snap/bin


## ----------- ##
## Core tests. ##
## ----------- ##

configure:2479: checking for a BSD-compatible install
configure:2547: result: /usr/bin/install -c
configure:2558: checking whether build environment is sane
configure:2613: result: yes
configure:2764: checking for a thread-safe mkdir -p
configure:2803: result: /bin/mkdir -p
configure:2810: checking for gawk
configure:2826: found /usr/bin/gawk
configure:2837: result: gawk
configure:2848: checking whether make sets $(MAKE)
configure:2870: result: yes
configure:2899: checking whether make supports nested variables
configure:2916: result: yes
configure:3104: checking for g++
configure:3120: found /usr/bin/g++
configure:3131: result: g++
configure:3158: checking for C++ compiler version
configure:3167: g++ --version >&5
g++ (Ubuntu 7.3.0-16ubuntu3) 7.3.0
Copyright (C) 2017 Free Software Foundation, Inc.
This is free software; see the source for copying conditions.  There is NO
warranty; not even for MERCHANTABILITY or FITNESS FOR A PARTICULAR PURPOSE.

configure:3178: $? = 0
configure:3167: g++ -v >&5
Using built-in specs.
COLLECT_GCC=g++
COLLECT_LTO_WRAPPER=/usr/lib/gcc/x86_64-linux-gnu/7/lto-wrapper
OFFLOAD_TARGET_NAMES=nvptx-none
OFFLOAD_TARGET_DEFAULT=1
Target: x86_64-linux-gnu
Configured with: ../src/configure -v --with-pkgversion='Ubuntu 7.3.0-16ubuntu3' --with-bugurl=file:///usr/share/doc/gcc-7/README.Bugs --enable-languages=c,ada,c++,go,brig,d,fortran,objc,obj-c++ --prefix=/usr --with-gcc-major-version-only --with-as=/usr/bin/x86_64-linux-gnu-as --with-ld=/usr/bin/x86_64-linux-gnu-ld --program-suffix=-7 --program-prefix=x86_64-linux-gnu- --enable-shared --enable-linker-build-id --libexecdir=/usr/lib --without-included-gettext --enable-threads=posix --libdir=/usr/lib --enable-nls --with-sysroot=/ --enable-clocale=gnu --enable-libstdcxx-debug --enable-libstdcxx-time=yes --with-default-libstdcxx-abi=new --enable-gnu-unique-object --disable-vtable-verify --enable-libmpx --enable-plugin --enable-default-pie --with-system-zlib --with-target-system-zlib --enable-objc-gc=auto --enable-multiarch --disable-werror --with-arch-32=i686 --with-abi=m64 --with-multilib-list=m32,m64,mx32 --enable-multilib --with-tune=generic --enable-offload-targets=nvptx-none --without-cuda-driver --enable-checking=release --build=x86_64-linux-gnu --host=x86_64-linux-gnu --target=x86_64-linux-gnu
Thread model: posix
gcc version 7.3.0 (Ubuntu 7.3.0-16ubuntu3) 
configure:3178: $? = 0
configure:3167: g++ -V >&5
g++: error: unrecognized command line option '-V'
g++: fatal error: no input files
compilation terminated.
configure:3178: $? = 1
configure:3167: g++ -qversion >&5
g++: error: unrecognized command line option '-qversion'; did you mean '--version'?
g++: fatal error: no input files
compilation terminated.
configure:3178: $? = 1
configure:3198: checking whether the C++ compiler works
configure:3220: g++    conftest.cpp  >&5
configure:3224: $? = 0
configure:3272: result: yes
configure:3275: checking for C++ compiler default output file name
configure:3277: result: a.out
configure:3283: checking for suffix of executables
configure:3290: g++ -o conftest    conftest.cpp  >&5
configure:3294: $? = 0
configure:3316: result: 
configure:3338: checking whether we are cross compiling
configure:3346: g++ -o conftest    conftest.cpp  >&5
configure:3350: $? = 0
configure:3357: ./conftest
configure:3361: $? = 0
configure:3376: result: no
configure:3381: checking for suffix of object files
configure:3403: g++ -c   conftest.cpp >&5
configure:3407: $? = 0
configure:3428: result: o
configure:3432: checking whether we are using the GNU C++ compiler
configure:3451: g++ -c   conftest.cpp >&5
configure:3451: $? = 0
configure:3460: result: yes
configure:3469: checking whether g++ accepts -g
configure:3489: g++ -c -g  conftest.cpp >&5
configure:3489: $? = 0
configure:3530: result: yes
configure:3564: checking for style of include used by make
configure:3592: result: GNU
configure:3618: checking dependency style of g++
configure:3729: result: gcc3
configure:3792: checking for gcc
configure:3808: found /usr/bin/gcc
configure:3819: result: gcc
configure:4048: checking for C compiler version
configure:4057: gcc --version >&5
gcc (Ubuntu 7.3.0-16ubuntu3) 7.3.0
Copyright (C) 2017 Free Software Foundation, Inc.
This is free software; see the source for copying conditions.  There is NO
warranty; not even for MERCHANTABILITY or FITNESS FOR A PARTICULAR PURPOSE.

configure:4068: $? = 0
configure:4057: gcc -v >&5
Using built-in specs.
COLLECT_GCC=gcc
COLLECT_LTO_WRAPPER=/usr/lib/gcc/x86_64-linux-gnu/7/lto-wrapper
OFFLOAD_TARGET_NAMES=nvptx-none
OFFLOAD_TARGET_DEFAULT=1
Target: x86_64-linux-gnu
Configured with: ../src/configure -v --with-pkgversion='Ubuntu 7.3.0-16ubuntu3' --with-bugurl=file:///usr/share/doc/gcc-7/README.Bugs --enable-languages=c,ada,c++,go,brig,d,fortran,objc,obj-c++ --prefix=/usr --with-gcc-major-version-only --with-as=/usr/bin/x86_64-linux-gnu-as --with-ld=/usr/bin/x86_64-linux-gnu-ld --program-suffix=-7 --program-prefix=x86_64-linux-gnu- --enable-shared --enable-linker-build-id --libexecdir=/usr/lib --without-included-gettext --enable-threads=posix --libdir=/usr/lib --enable-nls --with-sysroot=/ --enable-clocale=gnu --enable-libstdcxx-debug --enable-libstdcxx-time=yes --with-default-libstdcxx-abi=new --enable-gnu-unique-object --disable-vtable-verify --enable-libmpx --enable-plugin --enable-default-pie --with-system-zlib --with-target-system-zlib --enable-objc-gc=auto --enable-multiarch --disable-werror --with-arch-32=i686 --with-abi=m64 --with-multilib-list=m32,m64,mx32 --enable-multilib --with-tune=generic --enable-offload-targets=nvptx-none --without-cuda-driver --enable-checking=release --build=x86_64-linux-gnu --host=x86_64-linux-gnu --target=x86_64-linux-gnu
Thread model: posix
gcc version 7.3.0 (Ubuntu 7.3.0-16ubuntu3) 
configure:4068: $? = 0
configure:4057: gcc -V >&5
gcc: error: unrecognized command line option '-V'
gcc: fatal error: no input files
compilation terminated.
configure:4068: $? = 1
configure:4057: gcc -qversion >&5
gcc: error: unrecognized command line option '-qversion'; did you mean '--version'?
gcc: fatal error: no input files
compilation terminated.
configure:4068: $? = 1
configure:4072: checking whether we are using the GNU C compiler
configure:4091: gcc -c   conftest.c >&5
configure:4091: $? = 0
configure:4100: result: yes
configure:4109: checking whether gcc accepts -g
configure:4129: gcc -c -g  conftest.c >&5
configure:4129: $? = 0
configure:4170: result: yes
configure:4187: checking for gcc option to accept ISO C89
configure:4250: gcc  -c -g -O2  conftest.c >&5
configure:4250: $? = 0
configure:4263: result: none needed
configure:4288: checking whether gcc understands -c and -o together
configure:4310: gcc -c conftest.c -o conftest2.o
configure:4313: $? = 0
configure:4310: gcc -c conftest.c -o conftest2.o
configure:4313: $? = 0
configure:4325: result: yes
configure:4344: checking dependency style of gcc
configure:4455: result: gcc3
configure:4475: checking for gawk
configure:4502: result: gawk
configure:4518: checking for flex
configure:4548: result: no
configure:4518: checking for lex
configure:4548: result: no
configure:4705: checking build system type
configure:4719: result: x86_64-pc-linux-gnu
configure:4739: checking host system type
configure:4752: result: x86_64-pc-linux-gnu
configure:4793: checking how to print strings
configure:4820: result: printf
configure:4841: checking for a sed that does not truncate output
configure:4905: result: /bin/sed
configure:4923: checking for grep that handles long lines and -e
configure:4981: result: /bin/grep
configure:4986: checking for egrep
configure:5048: result: /bin/grep -E
configure:5053: checking for fgrep
configure:5115: result: /bin/grep -F
configure:5150: checking for ld used by gcc
configure:5217: result: /usr/bin/x86_64-linux-gnu-ld
configure:5224: checking if the linker (/usr/bin/x86_64-linux-gnu-ld) is GNU ld
configure:5239: result: yes
configure:5251: checking for BSD- or MS-compatible name lister (nm)
configure:5305: result: /usr/bin/nm -B
configure:5435: checking the name lister (/usr/bin/nm -B) interface
configure:5442: gcc -c -g -O2  conftest.c >&5
configure:5445: /usr/bin/nm -B "conftest.o"
configure:5448: output
0000000000000000 B some_variable
configure:5455: result: BSD nm
configure:5458: checking whether ln -s works
configure:5462: result: yes
configure:5470: checking the maximum length of command line arguments
configure:5601: result: 1572864
configure:5649: checking how to convert x86_64-pc-linux-gnu file names to x86_64-pc-linux-gnu format
configure:5689: result: func_convert_file_noop
configure:5696: checking how to convert x86_64-pc-linux-gnu file names to toolchain format
configure:5716: result: func_convert_file_noop
configure:5723: checking for /usr/bin/x86_64-linux-gnu-ld option to reload object files
configure:5730: result: -r
configure:5804: checking for objdump
configure:5820: found /usr/bin/objdump
configure:5831: result: objdump
configure:5863: checking how to recognize dependent libraries
configure:6063: result: pass_all
configure:6148: checking for dlltool
configure:6178: result: no
configure:6208: checking how to associate runtime and link libraries
configure:6235: result: printf %s\n
configure:6295: checking for ar
configure:6311: found /usr/bin/ar
configure:6322: result: ar
configure:6359: checking for archiver @FILE support
configure:6376: gcc -c -g -O2  conftest.c >&5
configure:6376: $? = 0
configure:6379: ar cru libconftest.a @conftest.lst >&5
ar: `u' modifier ignored since `D' is the default (see `U')
configure:6382: $? = 0
configure:6387: ar cru libconftest.a @conftest.lst >&5
ar: `u' modifier ignored since `D' is the default (see `U')
ar: conftest.o: No such file or directory
configure:6390: $? = 1
configure:6402: result: @
configure:6460: checking for strip
configure:6476: found /usr/bin/strip
configure:6487: result: strip
configure:6559: checking for ranlib
configure:6575: found /usr/bin/ranlib
configure:6586: result: ranlib
configure:6688: checking command to parse /usr/bin/nm -B output from gcc object
configure:6841: gcc -c -g -O2  conftest.c >&5
configure:6844: $? = 0
configure:6848: /usr/bin/nm -B conftest.o \| sed -n -e 's/^.*[ ]\([ABCDGIRSTW][ABCDGIRSTW]*\)[ ][ ]*\([_A-Za-z][_A-Za-z0-9]*\)$/\1 \2 \2/p' | sed '/ __gnu_lto/d' \> conftest.nm
configure:6851: $? = 0
configure:6917: gcc -o conftest -g -O2   conftest.c conftstm.o >&5
configure:6920: $? = 0
configure:6958: result: ok
configure:7005: checking for sysroot
configure:7035: result: no
configure:7042: checking for a working dd
configure:7080: result: /bin/dd
configure:7084: checking how to truncate binary pipes
configure:7099: result: /bin/dd bs=4096 count=1
configure:7235: gcc -c -g -O2  conftest.c >&5
configure:7238: $? = 0
configure:7428: checking for mt
configure:7444: found /bin/mt
configure:7455: result: mt
configure:7478: checking if mt is a manifest tool
configure:7484: mt '-?'
configure:7492: result: no
configure:8169: checking how to run the C preprocessor
configure:8200: gcc -E  conftest.c
configure:8200: $? = 0
configure:8214: gcc -E  conftest.c
conftest.c:11:10: fatal error: ac_nonexistent.h: No such file or directory
 #include <ac_nonexistent.h>
          ^~~~~~~~~~~~~~~~~~
compilation terminated.
configure:8214: $? = 1
configure: failed program was:
| /* confdefs.h */
| #define PACKAGE_NAME "VHPOP"
| #define PACKAGE_TARNAME "vhpop"
| #define PACKAGE_VERSION "3.0"
| #define PACKAGE_STRING "VHPOP 3.0"
| #define PACKAGE_BUGREPORT "hlsyounes@gmail.com"
| #define PACKAGE_URL ""
| #define PACKAGE "vhpop"
| #define VERSION "3.0"
| /* end confdefs.h.  */
| #include <ac_nonexistent.h>
configure:8239: result: gcc -E
configure:8259: gcc -E  conftest.c
configure:8259: $? = 0
configure:8273: gcc -E  conftest.c
conftest.c:11:10: fatal error: ac_nonexistent.h: No such file or directory
 #include <ac_nonexistent.h>
          ^~~~~~~~~~~~~~~~~~
compilation terminated.
configure:8273: $? = 1
configure: failed program was:
| /* confdefs.h */
| #define PACKAGE_NAME "VHPOP"
| #define PACKAGE_TARNAME "vhpop"
| #define PACKAGE_VERSION "3.0"
| #define PACKAGE_STRING "VHPOP 3.0"
| #define PACKAGE_BUGREPORT "hlsyounes@gmail.com"
| #define PACKAGE_URL ""
| #define PACKAGE "vhpop"
| #define VERSION "3.0"
| /* end confdefs.h.  */
| #include <ac_nonexistent.h>
configure:8302: checking for ANSI C header files
configure:8322: gcc -c -g -O2  conftest.c >&5
configure:8322: $? = 0
configure:8395: gcc -o conftest -g -O2   conftest.c  >&5
configure:8395: $? = 0
configure:8395: ./conftest
configure:8395: $? = 0
configure:8406: result: yes
configure:8419: checking for sys/types.h
configure:8419: gcc -c -g -O2  conftest.c >&5
configure:8419: $? = 0
configure:8419: result: yes
configure:8419: checking for sys/stat.h
configure:8419: gcc -c -g -O2  conftest.c >&5
configure:8419: $? = 0
configure:8419: result: yes
configure:8419: checking for stdlib.h
configure:8419: gcc -c -g -O2  conftest.c >&5
configure:8419: $? = 0
configure:8419: result: yes
configure:8419: checking for string.h
configure:8419: gcc -c -g -O2  conftest.c >&5
configure:8419: $? = 0
configure:8419: result: yes
configure:8419: checking for memory.h
configure:8419: gcc -c -g -O2  conftest.c >&5
configure:8419: $? = 0
configure:8419: result: yes
configure:8419: checking for strings.h
configure:8419: gcc -c -g -O2  conftest.c >&5
configure:8419: $? = 0
configure:8419: result: yes
configure:8419: checking for inttypes.h
configure:8419: gcc -c -g -O2  conftest.c >&5
configure:8419: $? = 0
configure:8419: result: yes
configure:8419: checking for stdint.h
configure:8419: gcc -c -g -O2  conftest.c >&5
configure:8419: $? = 0
configure:8419: result: yes
configure:8419: checking for unistd.h
configure:8419: gcc -c -g -O2  conftest.c >&5
configure:8419: $? = 0
configure:8419: result: yes
configure:8433: checking for dlfcn.h
configure:8433: gcc -c -g -O2  conftest.c >&5
configure:8433: $? = 0
configure:8433: result: yes
configure:8700: checking for objdir
configure:8715: result: .libs
configure:8979: checking if gcc supports -fno-rtti -fno-exceptions
configure:8997: gcc -c -g -O2  -fno-rtti -fno-exceptions conftest.c >&5
cc1: warning: command line option '-fno-rtti' is valid for C++/ObjC++ but not for C
configure:9001: $? = 0
configure:9014: result: no
configure:9372: checking for gcc option to produce PIC
configure:9379: result: -fPIC -DPIC
configure:9387: checking if gcc PIC flag -fPIC -DPIC works
configure:9405: gcc -c -g -O2  -fPIC -DPIC -DPIC conftest.c >&5
configure:9409: $? = 0
configure:9422: result: yes
configure:9451: checking if gcc static flag -static works
configure:9479: result: yes
configure:9494: checking if gcc supports -c -o file.o
configure:9515: gcc -c -g -O2  -o out/conftest2.o conftest.c >&5
configure:9519: $? = 0
configure:9541: result: yes
configure:9549: checking if gcc supports -c -o file.o
configure:9596: result: yes
configure:9629: checking whether the gcc linker (/usr/bin/x86_64-linux-gnu-ld -m elf_x86_64) supports shared libraries
configure:10892: result: yes
configure:10929: checking whether -lc should be explicitly linked in
configure:10937: gcc -c -g -O2  conftest.c >&5
configure:10940: $? = 0
configure:10955: gcc -shared  -fPIC -DPIC conftest.o  -v -Wl,-soname -Wl,conftest -o conftest 2\>\&1 \| /bin/grep  -lc  \>/dev/null 2\>\&1
configure:10958: $? = 0
configure:10972: result: no
configure:11132: checking dynamic linker characteristics
configure:11713: gcc -o conftest -g -O2   -Wl,-rpath -Wl,/foo conftest.c  >&5
configure:11713: $? = 0
configure:11962: result: GNU/Linux ld.so
configure:12084: checking how to hardcode library paths into programs
configure:12109: result: immediate
configure:12657: checking whether stripping libraries is possible
configure:12662: result: yes
configure:12697: checking if libtool supports shared libraries
configure:12699: result: yes
configure:12702: checking whether to build shared libraries
configure:12727: result: yes
configure:12730: checking whether to build static libraries
configure:12734: result: yes
configure:12757: checking how to run the C++ preprocessor
configure:12784: g++ -E  conftest.cpp
configure:12784: $? = 0
configure:12798: g++ -E  conftest.cpp
conftest.cpp:23:10: fatal error: ac_nonexistent.h: No such file or directory
 #include <ac_nonexistent.h>
          ^~~~~~~~~~~~~~~~~~
compilation terminated.
configure:12798: $? = 1
configure: failed program was:
| /* confdefs.h */
| #define PACKAGE_NAME "VHPOP"
| #define PACKAGE_TARNAME "vhpop"
| #define PACKAGE_VERSION "3.0"
| #define PACKAGE_STRING "VHPOP 3.0"
| #define PACKAGE_BUGREPORT "hlsyounes@gmail.com"
| #define PACKAGE_URL ""
| #define PACKAGE "vhpop"
| #define VERSION "3.0"
| #define STDC_HEADERS 1
| #define HAVE_SYS_TYPES_H 1
| #define HAVE_SYS_STAT_H 1
| #define HAVE_STDLIB_H 1
| #define HAVE_STRING_H 1
| #define HAVE_MEMORY_H 1
| #define HAVE_STRINGS_H 1
| #define HAVE_INTTYPES_H 1
| #define HAVE_STDINT_H 1
| #define HAVE_UNISTD_H 1
| #define HAVE_DLFCN_H 1
| #define LT_OBJDIR ".libs/"
| /* end confdefs.h.  */
| #include <ac_nonexistent.h>
configure:12823: result: g++ -E
configure:12843: g++ -E  conftest.cpp
configure:12843: $? = 0
configure:12857: g++ -E  conftest.cpp
conftest.cpp:23:10: fatal error: ac_nonexistent.h: No such file or directory
 #include <ac_nonexistent.h>
          ^~~~~~~~~~~~~~~~~~
compilation terminated.
configure:12857: $? = 1
configure: failed program was:
| /* confdefs.h */
| #define PACKAGE_NAME "VHPOP"
| #define PACKAGE_TARNAME "vhpop"
| #define PACKAGE_VERSION "3.0"
| #define PACKAGE_STRING "VHPOP 3.0"
| #define PACKAGE_BUGREPORT "hlsyounes@gmail.com"
| #define PACKAGE_URL ""
| #define PACKAGE "vhpop"
| #define VERSION "3.0"
| #define STDC_HEADERS 1
| #define HAVE_SYS_TYPES_H 1
| #define HAVE_SYS_STAT_H 1
| #define HAVE_STDLIB_H 1
| #define HAVE_STRING_H 1
| #define HAVE_MEMORY_H 1
| #define HAVE_STRINGS_H 1
| #define HAVE_INTTYPES_H 1
| #define HAVE_STDINT_H 1
| #define HAVE_UNISTD_H 1
| #define HAVE_DLFCN_H 1
| #define LT_OBJDIR ".libs/"
| /* end confdefs.h.  */
| #include <ac_nonexistent.h>
configure:13019: checking for ld used by g++
configure:13086: result: /usr/bin/x86_64-linux-gnu-ld -m elf_x86_64
configure:13093: checking if the linker (/usr/bin/x86_64-linux-gnu-ld -m elf_x86_64) is GNU ld
configure:13108: result: yes
configure:13163: checking whether the g++ linker (/usr/bin/x86_64-linux-gnu-ld -m elf_x86_64) supports shared libraries
configure:14236: result: yes
configure:14272: g++ -c -g -O2  conftest.cpp >&5
configure:14275: $? = 0
configure:14756: checking for g++ option to produce PIC
configure:14763: result: -fPIC -DPIC
configure:14771: checking if g++ PIC flag -fPIC -DPIC works
configure:14789: g++ -c -g -O2  -fPIC -DPIC -DPIC conftest.cpp >&5
configure:14793: $? = 0
configure:14806: result: yes
configure:14829: checking if g++ static flag -static works
configure:14857: result: yes
configure:14869: checking if g++ supports -c -o file.o
configure:14890: g++ -c -g -O2  -o out/conftest2.o conftest.cpp >&5
configure:14894: $? = 0
configure:14916: result: yes
configure:14921: checking if g++ supports -c -o file.o
configure:14968: result: yes
configure:14998: checking whether the g++ linker (/usr/bin/x86_64-linux-gnu-ld -m elf_x86_64) supports shared libraries
configure:15041: result: yes
configure:15182: checking dynamic linker characteristics
configure:15939: result: GNU/Linux ld.so
configure:16004: checking how to hardcode library paths into programs
configure:16029: result: immediate
configure:16094: checking for bison
configure:16124: result: no
configure:16094: checking for byacc
configure:16124: result: no
configure:16148: checking whether g++ supports C++11 features with -std=c++11
configure:16444: g++ -std=c++11 -c -g -O2  conftest.cpp >&5
configure:16444: $? = 0
configure:16453: result: yes
configure:16559: checking for library containing gettext
configure:16590: gcc -o conftest -g -O2   conftest.c  >&5
conftest.c:31:6: warning: conflicting types for built-in function 'gettext' [-Wbuiltin-declaration-mismatch]
 char gettext ();
      ^~~~~~~
configure:16590: $? = 0
configure:16607: result: none required
configure:16617: checking for ANSI C header files
configure:16721: result: yes
configure:16732: checking libintl.h usability
configure:16732: gcc -c -g -O2  conftest.c >&5
configure:16732: $? = 0
configure:16732: result: yes
configure:16732: checking libintl.h presence
configure:16732: gcc -E  conftest.c
configure:16732: $? = 0
configure:16732: result: yes
configure:16732: checking for libintl.h
configure:16732: result: yes
configure:16732: checking for stdlib.h
configure:16732: result: yes
configure:16732: checking for string.h
configure:16732: result: yes
configure:16732: checking for strings.h
configure:16732: result: yes
configure:16732: checking sys/time.h usability
configure:16732: gcc -c -g -O2  conftest.c >&5
configure:16732: $? = 0
configure:16732: result: yes
configure:16732: checking sys/time.h presence
configure:16732: gcc -E  conftest.c
configure:16732: $? = 0
configure:16732: result: yes
configure:16732: checking for sys/time.h
configure:16732: result: yes
configure:16732: checking for unistd.h
configure:16732: result: yes
configure:16744: checking for an ANSI C-conforming const
configure:16810: gcc -c -g -O2  conftest.c >&5
configure:16810: $? = 0
configure:16817: result: yes
configure:16825: checking for inline
configure:16841: gcc -c -g -O2  conftest.c >&5
configure:16841: $? = 0
configure:16849: result: inline
configure:16867: checking for size_t
configure:16867: gcc -c -g -O2  conftest.c >&5
configure:16867: $? = 0
configure:16867: gcc -c -g -O2  conftest.c >&5
conftest.c: In function 'main':
conftest.c:67:21: error: expected expression before ')' token
 if (sizeof ((size_t)))
                     ^
configure:16867: $? = 1
configure: failed program was:
| /* confdefs.h */
| #define PACKAGE_NAME "VHPOP"
| #define PACKAGE_TARNAME "vhpop"
| #define PACKAGE_VERSION "3.0"
| #define PACKAGE_STRING "VHPOP 3.0"
| #define PACKAGE_BUGREPORT "hlsyounes@gmail.com"
| #define PACKAGE_URL ""
| #define PACKAGE "vhpop"
| #define VERSION "3.0"
| #define STDC_HEADERS 1
| #define HAVE_SYS_TYPES_H 1
| #define HAVE_SYS_STAT_H 1
| #define HAVE_STDLIB_H 1
| #define HAVE_STRING_H 1
| #define HAVE_MEMORY_H 1
| #define HAVE_STRINGS_H 1
| #define HAVE_INTTYPES_H 1
| #define HAVE_STDINT_H 1
| #define HAVE_UNISTD_H 1
| #define HAVE_DLFCN_H 1
| #define LT_OBJDIR ".libs/"
| #define HAVE_CXX11 1
| #define STDC_HEADERS 1
| #define HAVE_LIBINTL_H 1
| #define HAVE_STDLIB_H 1
| #define HAVE_STRING_H 1
| #define HAVE_STRINGS_H 1
| #define HAVE_SYS_TIME_H 1
| #define HAVE_UNISTD_H 1
| /* end confdefs.h.  */
| #include <stdio.h>
| #ifdef HAVE_SYS_TYPES_H
| # include <sys/types.h>
| #endif
| #ifdef HAVE_SYS_STAT_H
| # include <sys/stat.h>
| #endif
| #ifdef STDC_HEADERS
| # include <stdlib.h>
| # include <stddef.h>
| #else
| # ifdef HAVE_STDLIB_H
| #  include <stdlib.h>
| # endif
| #endif
| #ifdef HAVE_STRING_H
| # if !defined STDC_HEADERS && defined HAVE_MEMORY_H
| #  include <memory.h>
| # endif
| # include <string.h>
| #endif
| #ifdef HAVE_STRINGS_H
| # include <strings.h>
| #endif
| #ifdef HAVE_INTTYPES_H
| # include <inttypes.h>
| #endif
| #ifdef HAVE_STDINT_H
| # include <stdint.h>
| #endif
| #ifdef HAVE_UNISTD_H
| # include <unistd.h>
| #endif
| int
| main ()
| {
| if (sizeof ((size_t)))
| 	    return 0;
|   ;
|   return 0;
| }
configure:16867: result: yes
configure:16883: checking for atexit
configure:16883: gcc -o conftest -g -O2   conftest.c  >&5
configure:16883: $? = 0
configure:16883: result: yes
configure:16883: checking for memset
configure:16883: gcc -o conftest -g -O2   conftest.c  >&5
conftest.c:55:6: warning: conflicting types for built-in function 'memset' [-Wbuiltin-declaration-mismatch]
 char memset ();
      ^~~~~~
configure:16883: $? = 0
configure:16883: result: yes
configure:16883: checking for strcasecmp
configure:16883: gcc -o conftest -g -O2   conftest.c  >&5
conftest.c:56:6: warning: conflicting types for built-in function 'strcasecmp' [-Wbuiltin-declaration-mismatch]
 char strcasecmp ();
      ^~~~~~~~~~
configure:16883: $? = 0
configure:16883: result: yes
configure:16883: checking for strerror
configure:16883: gcc -o conftest -g -O2   conftest.c  >&5
configure:16883: $? = 0
configure:16883: result: yes
configure:16883: checking for strncasecmp
configure:16883: gcc -o conftest -g -O2   conftest.c  >&5
conftest.c:58:6: warning: conflicting types for built-in function 'strncasecmp' [-Wbuiltin-declaration-mismatch]
 char strncasecmp ();
      ^~~~~~~~~~~
configure:16883: $? = 0
configure:16883: result: yes
configure:16883: checking for getopt_long
configure:16883: gcc -o conftest -g -O2   conftest.c  >&5
configure:16883: $? = 0
configure:16883: result: yes
configure:17007: checking that generated files are newer than configure
configure:17013: result: done
configure:17040: creating ./config.status

## ---------------- ##
## Cache variables. ##
## ---------------- ##

ac_cv_build=x86_64-pc-linux-gnu
ac_cv_c_compiler_gnu=yes
ac_cv_c_const=yes
ac_cv_c_inline=inline
ac_cv_cxx_compiler_gnu=yes
ac_cv_env_CCC_set=
ac_cv_env_CCC_value=
ac_cv_env_CC_set=
ac_cv_env_CC_value=
ac_cv_env_CFLAGS_set=
ac_cv_env_CFLAGS_value=
ac_cv_env_CPPFLAGS_set=
ac_cv_env_CPPFLAGS_value=
ac_cv_env_CPP_set=
ac_cv_env_CPP_value=
ac_cv_env_CXXCPP_set=
ac_cv_env_CXXCPP_value=
ac_cv_env_CXXFLAGS_set=
ac_cv_env_CXXFLAGS_value=
ac_cv_env_CXX_set=
ac_cv_env_CXX_value=
ac_cv_env_LDFLAGS_set=
ac_cv_env_LDFLAGS_value=
ac_cv_env_LIBS_set=
ac_cv_env_LIBS_value=
ac_cv_env_LT_SYS_LIBRARY_PATH_set=
ac_cv_env_LT_SYS_LIBRARY_PATH_value=
ac_cv_env_YACC_set=
ac_cv_env_YACC_value=
ac_cv_env_YFLAGS_set=
ac_cv_env_YFLAGS_value=
ac_cv_env_build_alias_set=
ac_cv_env_build_alias_value=
ac_cv_env_host_alias_set=
ac_cv_env_host_alias_value=
ac_cv_env_target_alias_set=
ac_cv_env_target_alias_value=
ac_cv_func_atexit=yes
ac_cv_func_getopt_long=yes
ac_cv_func_memset=yes
ac_cv_func_strcasecmp=yes
ac_cv_func_strerror=yes
ac_cv_func_strncasecmp=yes
ac_cv_header_dlfcn_h=yes
ac_cv_header_inttypes_h=yes
ac_cv_header_libintl_h=yes
ac_cv_header_memory_h=yes
ac_cv_header_stdc=yes
ac_cv_header_stdint_h=yes
ac_cv_header_stdlib_h=yes
ac_cv_header_string_h=yes
ac_cv_header_strings_h=yes
ac_cv_header_sys_stat_h=yes
ac_cv_header_sys_time_h=yes
ac_cv_header_sys_types_h=yes
ac_cv_header_unistd_h=yes
ac_cv_host=x86_64-pc-linux-gnu
ac_cv_objext=o
ac_cv_path_EGREP='/bin/grep -E'
ac_cv_path_FGREP='/bin/grep -F'
ac_cv_path_GREP=/bin/grep
ac_cv_path_SED=/bin/sed
ac_cv_path_install='/usr/bin/install -c'
ac_cv_path_lt_DD=/bin/dd
ac_cv_path_mkdir=/bin/mkdir
ac_cv_prog_AWK=gawk
ac_cv_prog_CPP='gcc -E'
ac_cv_prog_CXXCPP='g++ -E'
ac_cv_prog_ac_ct_AR=ar
ac_cv_prog_ac_ct_CC=gcc
ac_cv_prog_ac_ct_CXX=g++
ac_cv_prog_ac_ct_MANIFEST_TOOL=mt
ac_cv_prog_ac_ct_OBJDUMP=objdump
ac_cv_prog_ac_ct_RANLIB=ranlib
ac_cv_prog_ac_ct_STRIP=strip
ac_cv_prog_cc_c89=
ac_cv_prog_cc_g=yes
ac_cv_prog_cxx_g=yes
ac_cv_prog_make_make_set=yes
ac_cv_search_gettext='none required'
ac_cv_type_size_t=yes
am_cv_CC_dependencies_compiler_type=gcc3
am_cv_CXX_dependencies_compiler_type=gcc3
am_cv_make_support_nested_variables=yes
am_cv_prog_cc_c_o=yes
ax_cv_cxx_compile_cxx11__std_cpp11=yes
lt_cv_ar_at_file=@
lt_cv_archive_cmds_need_lc=no
lt_cv_deplibs_check_method=pass_all
lt_cv_file_magic_cmd='$MAGIC_CMD'
lt_cv_file_magic_test_file=
lt_cv_ld_reload_flag=-r
lt_cv_nm_interface='BSD nm'
lt_cv_objdir=.libs
lt_cv_path_LD=/usr/bin/x86_64-linux-gnu-ld
lt_cv_path_LDCXX='/usr/bin/x86_64-linux-gnu-ld -m elf_x86_64'
lt_cv_path_NM='/usr/bin/nm -B'
lt_cv_path_mainfest_tool=no
lt_cv_prog_compiler_c_o=yes
lt_cv_prog_compiler_c_o_CXX=yes
lt_cv_prog_compiler_pic='-fPIC -DPIC'
lt_cv_prog_compiler_pic_CXX='-fPIC -DPIC'
lt_cv_prog_compiler_pic_works=yes
lt_cv_prog_compiler_pic_works_CXX=yes
lt_cv_prog_compiler_rtti_exceptions=no
lt_cv_prog_compiler_static_works=yes
lt_cv_prog_compiler_static_works_CXX=yes
lt_cv_prog_gnu_ld=yes
lt_cv_prog_gnu_ldcxx=yes
lt_cv_sharedlib_from_linklib_cmd='printf %s\n'
lt_cv_shlibpath_overrides_runpath=yes
lt_cv_sys_global_symbol_pipe='sed -n -e '\''s/^.*[	 ]\([ABCDGIRSTW][ABCDGIRSTW]*\)[	 ][	 ]*\([_A-Za-z][_A-Za-z0-9]*\)$/\1 \2 \2/p'\'' | sed '\''/ __gnu_lto/d'\'''
lt_cv_sys_global_symbol_to_c_name_address='sed -n -e '\''s/^: \(.*\) .*$/  {"\1", (void *) 0},/p'\'' -e '\''s/^[ABCDGIRSTW][ABCDGIRSTW]* .* \(.*\)$/  {"\1", (void *) \&\1},/p'\'''
lt_cv_sys_global_symbol_to_c_name_address_lib_prefix='sed -n -e '\''s/^: \(.*\) .*$/  {"\1", (void *) 0},/p'\'' -e '\''s/^[ABCDGIRSTW][ABCDGIRSTW]* .* \(lib.*\)$/  {"\1", (void *) \&\1},/p'\'' -e '\''s/^[ABCDGIRSTW][ABCDGIRSTW]* .* \(.*\)$/  {"lib\1", (void *) \&\1},/p'\'''
lt_cv_sys_global_symbol_to_cdecl='sed -n -e '\''s/^T .* \(.*\)$/extern int \1();/p'\'' -e '\''s/^[ABCDGIRSTW][ABCDGIRSTW]* .* \(.*\)$/extern char \1;/p'\'''
lt_cv_sys_global_symbol_to_import=
lt_cv_sys_max_cmd_len=1572864
lt_cv_to_host_file_cmd=func_convert_file_noop
lt_cv_to_tool_file_cmd=func_convert_file_noop
lt_cv_truncate_bin='/bin/dd bs=4096 count=1'

## ----------------- ##
## Output variables. ##
## ----------------- ##

ACLOCAL='${SHELL} /home/alandpotential/vhpop-origin/missing aclocal-1.15'
AMDEPBACKSLASH='\'
AMDEP_FALSE='#'
AMDEP_TRUE=''
AMTAR='$${TAR-tar}'
AM_BACKSLASH='\'
AM_DEFAULT_V='$(AM_DEFAULT_VERBOSITY)'
AM_DEFAULT_VERBOSITY='1'
AM_V='$(V)'
AR='ar'
AUTOCONF='${SHELL} /home/alandpotential/vhpop-origin/missing autoconf'
AUTOHEADER='${SHELL} /home/alandpotential/vhpop-origin/missing autoheader'
AUTOMAKE='${SHELL} /home/alandpotential/vhpop-origin/missing automake-1.15'
AWK='gawk'
CC='gcc'
CCDEPMODE='depmode=gcc3'
CFLAGS='-g -O2'
CPP='gcc -E'
CPPFLAGS=''
CXX='g++ -std=c++11'
CXXCPP='g++ -E -std=c++11'
CXXDEPMODE='depmode=gcc3'
CXXFLAGS='-g -O2'
CYGPATH_W='echo'
DEFS='-DHAVE_CONFIG_H'
DEPDIR='.deps'
DLLTOOL='false'
DSYMUTIL=''
DUMPBIN=''
ECHO_C=''
ECHO_N='-n'
ECHO_T=''
EGREP='/bin/grep -E'
EXEEXT=''
FGREP='/bin/grep -F'
GREP='/bin/grep'
HAVE_CXX11='1'
INSTALL_DATA='${INSTALL} -m 644'
INSTALL_PROGRAM='${INSTALL}'
INSTALL_SCRIPT='${INSTALL}'
INSTALL_STRIP_PROGRAM='$(install_sh) -c -s'
LD='/usr/bin/x86_64-linux-gnu-ld -m elf_x86_64'
LDFLAGS=''
LEX='${SHELL} /home/alandpotential/vhpop-origin/missing flex'
LEXLIB=''
LEX_OUTPUT_ROOT=''
LIBOBJS=''
LIBS=''
LIBTOOL='$(SHELL) $(top_builddir)/libtool'
LIPO=''
LN_S='ln -s'
LTLIBOBJS=''
LT_SYS_LIBRARY_PATH=''
MAKEINFO='${SHELL} /home/alandpotential/vhpop-origin/missing makeinfo'
MANIFEST_TOOL=':'
MKDIR_P='/bin/mkdir -p'
NM='/usr/bin/nm -B'
NMEDIT=''
OBJDUMP='objdump'
OBJEXT='o'
OTOOL64=''
OTOOL=''
PACKAGE='vhpop'
PACKAGE_BUGREPORT='hlsyounes@gmail.com'
PACKAGE_NAME='VHPOP'
PACKAGE_STRING='VHPOP 3.0'
PACKAGE_TARNAME='vhpop'
PACKAGE_URL=''
PACKAGE_VERSION='3.0'
PATH_SEPARATOR=':'
RANLIB='ranlib'
SED='/bin/sed'
SET_MAKE=''
SHELL='/bin/bash'
STRIP='strip'
VERSION='3.0'
YACC='yacc'
YFLAGS=''
ac_ct_AR='ar'
ac_ct_CC='gcc'
ac_ct_CXX='g++'
ac_ct_DUMPBIN=''
am__EXEEXT_FALSE=''
am__EXEEXT_TRUE='#'
am__fastdepCC_FALSE='#'
am__fastdepCC_TRUE=''
am__fastdepCXX_FALSE='#'
am__fastdepCXX_TRUE=''
am__include='include'
am__isrc=''
am__leading_dot='.'
am__nodep='_no'
am__quote=''
am__tar='$${TAR-tar} chof - "$$tardir"'
am__untar='$${TAR-tar} xf -'
bindir='${exec_prefix}/bin'
build='x86_64-pc-linux-gnu'
build_alias=''
build_cpu='x86_64'
build_os='linux-gnu'
build_vendor='pc'
datadir='${datarootdir}'
datarootdir='${prefix}/share'
docdir='${datarootdir}/doc/${PACKAGE_TARNAME}'
dvidir='${docdir}'
exec_prefix='${prefix}'
host='x86_64-pc-linux-gnu'
host_alias=''
host_cpu='x86_64'
host_os='linux-gnu'
host_vendor='pc'
htmldir='${docdir}'
includedir='${prefix}/include'
infodir='${datarootdir}/info'
install_sh='${SHELL} /home/alandpotential/vhpop-origin/install-sh'
libdir='${exec_prefix}/lib'
libexecdir='${exec_prefix}/libexec'
localedir='${datarootdir}/locale'
localstatedir='${prefix}/var'
mandir='${datarootdir}/man'
mkdir_p='$(MKDIR_P)'
oldincludedir='/usr/include'
pdfdir='${docdir}'
prefix='/usr/local'
program_transform_name='s,x,x,'
psdir='${docdir}'
runstatedir='${localstatedir}/run'
sbindir='${exec_prefix}/sbin'
sharedstatedir='${prefix}/com'
subdirs=' gtest'
sysconfdir='${prefix}/etc'
target_alias=''

## ----------- ##
## confdefs.h. ##
## ----------- ##

/* confdefs.h */
#define PACKAGE_NAME "VHPOP"
#define PACKAGE_TARNAME "vhpop"
#define PACKAGE_VERSION "3.0"
#define PACKAGE_STRING "VHPOP 3.0"
#define PACKAGE_BUGREPORT "hlsyounes@gmail.com"
#define PACKAGE_URL ""
#define PACKAGE "vhpop"
#define VERSION "3.0"
#define STDC_HEADERS 1
#define HAVE_SYS_TYPES_H 1
#define HAVE_SYS_STAT_H 1
#define HAVE_STDLIB_H 1
#define HAVE_STRING_H 1
#define HAVE_MEMORY_H 1
#define HAVE_STRINGS_H 1
#define HAVE_INTTYPES_H 1
#define HAVE_STDINT_H 1
#define HAVE_UNISTD_H 1
#define HAVE_DLFCN_H 1
#define LT_OBJDIR ".libs/"
#define HAVE_CXX11 1
#define STDC_HEADERS 1
#define HAVE_LIBINTL_H 1
#define HAVE_STDLIB_H 1
#define HAVE_STRING_H 1
#define HAVE_STRINGS_H 1
#define HAVE_SYS_TIME_H 1
#define HAVE_UNISTD_H 1
#define HAVE_ATEXIT 1
#define HAVE_MEMSET 1
#define HAVE_STRCASECMP 1
#define HAVE_STRERROR 1
#define HAVE_STRNCASECMP 1
#define HAVE_GETOPT_LONG 1

configure: exit 0

## ---------------------- ##
## Running config.status. ##
## ---------------------- ##

This file was extended by VHPOP config.status 3.0, which was
generated by GNU Autoconf 2.69.  Invocation command line was

  CONFIG_FILES    = 
  CONFIG_HEADERS  = 
  CONFIG_LINKS    = 
  CONFIG_COMMANDS = 
  $ ./config.status 

on landpks-awc

config.status:1168: creating Makefile
config.status:1168: creating config.h
config.status:1349: config.h is unchanged
config.status:1397: executing depfiles commands
config.status:1397: executing libtool commands

## ---------------------- ##
## Running config.status. ##
## ---------------------- ##

This file was extended by VHPOP config.status 3.0, which was
generated by GNU Autoconf 2.69.  Invocation command line was

  CONFIG_FILES    = 
  CONFIG_HEADERS  = 
  CONFIG_LINKS    = 
  CONFIG_COMMANDS = 
  $ ./config.status config.h

on landpks-awc

config.status:1168: creating config.h
config.status:1349: config.h is unchanged
